<?xml version="1.0" encoding="UTF-8"?>
<testng-results skipped="0" failed="0" ignored="0" total="1" passed="1">
  <reporter-output>
  </reporter-output>
  <suite name="Default suite" duration-ms="22887" started-at="2020-06-06T19:12:47 IST" finished-at="2020-06-06T19:13:09 IST">
    <groups>
    </groups>
    <test name="Default test" duration-ms="22887" started-at="2020-06-06T19:12:47 IST" finished-at="2020-06-06T19:13:09 IST">
      <class name="Com.TestingShatr.RegressionTestCases.Create_Account">
        <test-method status="PASS" signature="tc_011()[pri:0, instance:Com.TestingShatr.RegressionTestCases.Create_Account@86be70a]" name="tc_011" is-config="true" duration-ms="20654" started-at="2020-06-06T19:12:47 IST" finished-at="2020-06-06T19:13:07 IST">
          <reporter-output>
          </reporter-output>
        </test-method> <!-- tc_011 -->
        <test-method status="PASS" signature="create_Account()[pri:0, instance:Com.TestingShatr.RegressionTestCases.Create_Account@86be70a]" name="create_Account" duration-ms="2174" started-at="2020-06-06T19:13:07 IST" finished-at="2020-06-06T19:13:09 IST">
          <reporter-output>
          </reporter-output>
        </test-method> <!-- create_Account -->
      </class> <!-- Com.TestingShatr.RegressionTestCases.Create_Account -->
    </test> <!-- Default test -->
  </suite> <!-- Default suite -->
</testng-results>
